Base path: C:/Program Files/Unity/Editor/Data
Pipe name: \\.\pipe\UnityShaderCompiler-64bit-1-6900
Cmd: getPlatforms
Cmd: preprocess
  insize=2747 outsize=814 ok=1
Cmd: compileSnippet
  api=4 type=0 insize=2232 outsize=1558 kw=DUMMY pd= ok=1
Cmd: compileSnippet
  api=4 type=1 insize=2232 outsize=1258 kw=DUMMY pd= ok=1
Cmd: compileSnippet
  api=4 type=0 insize=2232 outsize=1908 kw=PIXELSNAP_ON pd= ok=1
Cmd: compileSnippet
  api=4 type=1 insize=2232 outsize=1258 kw=PIXELSNAP_ON pd= ok=1
Cmd: compileSnippet
  api=1 type=0 insize=2232 outsize=286 kw=DUMMY pd= ok=1
Cmd: compileSnippet
  api=8 type=0 insize=2232 outsize=2283 kw=DUMMY pd=UNITY_NO_SCREENSPACE_SHADOWS UNITY_NO_LINEAR_COLORSPACE ok=1
Cmd: compileSnippet
  api=1 type=0 insize=2232 outsize=517 kw=PIXELSNAP_ON pd= ok=1
Cmd: compileSnippet
  api=8 type=0 insize=2232 outsize=2982 kw=PIXELSNAP_ON pd=UNITY_NO_SCREENSPACE_SHADOWS UNITY_NO_LINEAR_COLORSPACE ok=1
Cmd: compileSnippet
  api=1 type=1 insize=2232 outsize=467 kw=DUMMY pd= ok=1
Cmd: compileSnippet
  api=1 type=1 insize=2232 outsize=467 kw=PIXELSNAP_ON pd= ok=1
